# JRE version: Java(TM) SE Runtime Environment (17.0.4.1+1) (build 17.0.4.1+1-LTS-2)
# Java VM: Java HotSpot(TM) 64-Bit Server VM (17.0.4.1+1-LTS-2, mixed mode, sharing, tiered, compressed oops, compressed class ptrs, g1 gc, windows-amd64)
GC Precious Log:
 CPUs: 8 total, 8 available
 Memory: 16071M
 Large Page Support: Disabled
 NUMA Support: Disabled
 Compressed Oops: Enabled (Zero based)
 Heap Region Size: 2M
 Heap Min Capacity: 8M
 Heap Initial Capacity: 252M
 Heap Max Capacity: 4018M
 Pre-touch: Disabled
 Parallel Workers: 8
 Concurrent Workers: 2
 Concurrent Refinement Workers: 8
 Periodic GC: Disabled
Heap:
 garbage-first heap   total 485376K, used 221867K [0x0000000704e00000, 0x0000000800000000)
  region size 2048K, 47 young (96256K), 3 survivors (6144K)
 Metaspace       used 9423K, committed 9664K, reserved 1064960K
  class space    used 1001K, committed 1152K, reserved 1048576K
GC Heap History (16 events):
Event: 0.399 GC heap before
{Heap before GC invocations=0 (full 0):
 garbage-first heap   total 258048K, used 73728K [0x0000000704e00000, 0x0000000800000000)
  region size 2048K, 11 young (22528K), 0 survivors (0K)
 Metaspace       used 7163K, committed 7360K, reserved 1056768K
  class space    used 776K, committed 896K, reserved 1048576K
}
Event: 0.403 GC heap after
{Heap after GC invocations=1 (full 0):
 garbage-first heap   total 258048K, used 54522K [0x0000000704e00000, 0x0000000800000000)
  region size 2048K, 2 young (4096K), 2 survivors (4096K)
 Metaspace       used 7163K, committed 7360K, reserved 1056768K
  class space    used 776K, committed 896K, reserved 1048576K
}
Event: 1.585 GC heap before
{Heap before GC invocations=1 (full 0):
 garbage-first heap   total 258048K, used 109818K [0x0000000704e00000, 0x0000000800000000)
  region size 2048K, 18 young (36864K), 2 survivors (4096K)
 Metaspace       used 8829K, committed 9024K, reserved 1064960K
  class space    used 990K, committed 1088K, reserved 1048576K
}
Event: 1.588 GC heap after
{Heap after GC invocations=2 (full 0):
 garbage-first heap   total 258048K, used 80668K [0x0000000704e00000, 0x0000000800000000)
  region size 2048K, 2 young (4096K), 2 survivors (4096K)
 Metaspace       used 8829K, committed 9024K, reserved 1064960K
  class space    used 990K, committed 1088K, reserved 1048576K
}
Event: 1.780 GC heap before
{Heap before GC invocations=2 (full 0):
 garbage-first heap   total 258048K, used 140060K [0x0000000704e00000, 0x0000000800000000)
  region size 2048K, 14 young (28672K), 2 survivors (4096K)
 Metaspace       used 8876K, committed 9088K, reserved 1064960K
  class space    used 991K, committed 1088K, reserved 1048576K
}
Event: 1.781 GC heap after
{Heap after GC invocations=3 (full 0):
 garbage-first heap   total 258048K, used 117694K [0x0000000704e00000, 0x0000000800000000)
  region size 2048K, 2 young (4096K), 2 survivors (4096K)
 Metaspace       used 8876K, committed 9088K, reserved 1064960K
  class space    used 991K, committed 1088K, reserved 1048576K
}
Event: 1.821 GC heap before
{Heap before GC invocations=3 (full 0):
 garbage-first heap   total 258048K, used 125886K [0x0000000704e00000, 0x0000000800000000)
  region size 2048K, 4 young (8192K), 2 survivors (4096K)
 Metaspace       used 8942K, committed 9216K, reserved 1064960K
  class space    used 995K, committed 1152K, reserved 1048576K
}
Event: 1.822 GC heap after
{Heap after GC invocations=4 (full 0):
 garbage-first heap   total 258048K, used 123711K [0x0000000704e00000, 0x0000000800000000)
  region size 2048K, 2 young (4096K), 2 survivors (4096K)
 Metaspace       used 8942K, committed 9216K, reserved 1064960K
  class space    used 995K, committed 1152K, reserved 1048576K
}
Event: 2.245 GC heap before
{Heap before GC invocations=5 (full 0):
 garbage-first heap   total 258048K, used 131903K [0x0000000704e00000, 0x0000000800000000)
  region size 2048K, 6 young (12288K), 2 survivors (4096K)
 Metaspace       used 9053K, committed 9344K, reserved 1064960K
  class space    used 995K, committed 1152K, reserved 1048576K
}
Event: 2.247 GC heap after
{Heap after GC invocations=6 (full 0):
 garbage-first heap   total 258048K, used 121901K [0x0000000704e00000, 0x0000000800000000)
  region size 2048K, 2 young (4096K), 2 survivors (4096K)
 Metaspace       used 9053K, committed 9344K, reserved 1064960K
  class space    used 995K, committed 1152K, reserved 1048576K
}
Event: 3.996 GC heap before
{Heap before GC invocations=7 (full 0):
 garbage-first heap   total 258048K, used 144429K [0x0000000704e00000, 0x0000000800000000)
  region size 2048K, 12 young (24576K), 2 survivors (4096K)
 Metaspace       used 9298K, committed 9600K, reserved 1064960K
  class space    used 1001K, committed 1152K, reserved 1048576K
}
Event: 3.997 GC heap after
{Heap after GC invocations=8 (full 0):
 garbage-first heap   total 258048K, used 123736K [0x0000000704e00000, 0x0000000800000000)
  region size 2048K, 2 young (4096K), 2 survivors (4096K)
 Metaspace       used 9298K, committed 9600K, reserved 1064960K
  class space    used 1001K, committed 1152K, reserved 1048576K
}
Event: 4.439 GC heap before
{Heap before GC invocations=9 (full 0):
 garbage-first heap   total 258048K, used 136024K [0x0000000704e00000, 0x0000000800000000)
  region size 2048K, 8 young (16384K), 2 survivors (4096K)
 Metaspace       used 9342K, committed 9600K, reserved 1064960K
  class space    used 1001K, committed 1152K, reserved 1048576K
}
Event: 4.440 GC heap after
{Heap after GC invocations=10 (full 0):
 garbage-first heap   total 258048K, used 126832K [0x0000000704e00000, 0x0000000800000000)
  region size 2048K, 3 young (6144K), 3 survivors (6144K)
 Metaspace       used 9342K, committed 9600K, reserved 1064960K
  class space    used 1001K, committed 1152K, reserved 1048576K
}
Event: 4.874 GC heap before
{Heap before GC invocations=11 (full 0):
 garbage-first heap   total 258048K, used 137072K [0x0000000704e00000, 0x0000000800000000)
  region size 2048K, 6 young (12288K), 3 survivors (6144K)
 Metaspace       used 9350K, committed 9600K, reserved 1064960K
  class space    used 1001K, committed 1152K, reserved 1048576K
}
Event: 4.876 GC heap after
{Heap after GC invocations=12 (full 0):
 garbage-first heap   total 485376K, used 127659K [0x0000000704e00000, 0x0000000800000000)
  region size 2048K, 3 young (6144K), 3 survivors (6144K)
 Metaspace       used 9350K, committed 9600K, reserved 1064960K
  class space    used 1001K, committed 1152K, reserved 1048576K
}

